0 verbose cli /usr/local/nvm/versions/node/v16.4.0/bin/node /usr/local/nvm/versions/node/v16.4.0/bin/npm
1 info using npm@8.18.0
2 info using node@v16.4.0
3 timing npm:load:whichnode Completed in 0ms
4 timing config:load:defaults Completed in 9ms
5 timing config:load:file:/usr/local/nvm/versions/node/v16.4.0/lib/node_modules/npm/npmrc Completed in 12ms
6 timing config:load:builtin Completed in 13ms
7 timing config:load:cli Completed in 6ms
8 timing config:load:env Completed in 0ms
9 timing config:load:file:/home/pavankrishna529/.cache/typescript/3.8/.npmrc Completed in 0ms
10 timing config:load:project Completed in 25ms
11 timing config:load:file:/home/pavankrishna529/.npmrc Completed in 0ms
12 timing config:load:user Completed in 0ms
13 timing config:load:file:/usr/local/nvm/versions/node/v16.4.0/etc/npmrc Completed in 1ms
14 timing config:load:global Completed in 1ms
15 timing config:load:validate Completed in 0ms
16 timing config:load:credentials Completed in 1ms
17 timing config:load:setEnvs Completed in 2ms
18 timing config:load Completed in 57ms
19 timing npm:load:configload Completed in 57ms
20 timing npm:load:mkdirpcache Completed in 6ms
21 timing npm:load:mkdirplogs Completed in 10ms
22 verbose title npm install types-registry@latest
23 verbose argv "install" "--ignore-scripts" "types-registry@latest"
24 timing npm:load:setTitle Completed in 24ms
25 timing config:load:flatten Completed in 16ms
26 timing npm:load:display Completed in 32ms
27 verbose logfile logs-max:10 dir:/home/pavankrishna529/.npm/_logs
28 verbose logfile /home/pavankrishna529/.npm/_logs/2022-09-12T10_07_47_907Z-debug-0.log
29 timing npm:load:logFile Completed in 26ms
30 timing npm:load:timers Completed in 0ms
31 timing npm:load:configScope Completed in 0ms
32 timing npm:load Completed in 160ms
33 timing arborist:ctor Completed in 1ms
34 silly logfile start cleaning logs, removing 2 files
35 silly logfile done cleaning log files
36 timing idealTree:init Completed in 174ms
37 timing arborist:ctor Completed in 0ms
38 http fetch GET 200 https://registry.npmjs.org/types-registry 635ms (cache updated)
39 timing idealTree:userRequests Completed in 665ms
40 silly idealTree buildDeps
41 silly fetch manifest types-registry@0.1.609
42 silly placeDep ROOT types-registry@0.1.609 REPLACE for:  want: 0.1.609
43 timing idealTree:#root Completed in 31ms
44 timing idealTree:node_modules/types-registry Completed in 0ms
45 timing idealTree:buildDeps Completed in 36ms
46 timing idealTree:fixDepFlags Completed in 0ms
47 timing idealTree Completed in 898ms
48 timing reify:loadTrees Completed in 899ms
49 timing reify:diffTrees Completed in 13ms
50 silly reify mark retired [
50 silly reify   '/home/pavankrishna529/.cache/typescript/3.8/node_modules/types-registry'
50 silly reify ]
51 silly reify moves {
51 silly reify   '/home/pavankrishna529/.cache/typescript/3.8/node_modules/types-registry': '/home/pavankrishna529/.cache/typescript/3.8/node_modules/.types-registry-isdfxOlg'
51 silly reify }
52 timing reify:retireShallow Completed in 18ms
53 timing reify:createSparse Completed in 3ms
54 timing reify:loadBundles Completed in 0ms
55 silly audit bulk request {
55 silly audit   '@types/prop-types': [ '15.7.5' ],
55 silly audit   '@types/react': [ '17.0.39' ],
55 silly audit   '@types/react-dom': [ '17.0.11' ],
55 silly audit   '@types/regenerator-runtime': [ '0.13.1' ],
55 silly audit   '@types/scheduler': [ '0.16.2' ],
55 silly audit   csstype: [ '3.1.0' ],
55 silly audit   'types-registry': [ '0.1.609' ]
55 silly audit }
56 silly tarball no local data for types-registry@https://registry.npmjs.org/types-registry/-/types-registry-0.1.609.tgz. Extracting by manifest.
57 http fetch POST 200 https://registry.npmjs.org/-/npm/v1/security/advisories/bulk 262ms
58 timing auditReport:getReport Completed in 269ms
59 silly audit report {}
60 timing auditReport:init Completed in 0ms
61 timing reify:audit Completed in 280ms
62 http fetch GET 200 https://registry.npmjs.org/types-registry/-/types-registry-0.1.609.tgz 392ms (cache miss)
63 timing reifyNode:node_modules/types-registry Completed in 413ms
64 timing reify:unpack Completed in 413ms
65 timing reify:unretire Completed in 0ms
66 timing build:queue Completed in 3ms
67 timing build:deps Completed in 3ms
68 timing build Completed in 3ms
69 timing reify:build Completed in 4ms
70 timing reify:trash Completed in 11ms
71 timing reify:save Completed in 31ms
72 timing reify Completed in 1440ms
73 silly CHANGE node_modules/types-registry
74 timing command:install Completed in 1459ms
75 verbose exit 0
76 timing npm Completed in 2553ms
77 info ok
